#
# A fatal error has been detected by the Java Runtime Environment:
#
#  EXCEPTION_ACCESS_VIOLATION (0xc0000005) at pc=0x00007ffdbc7e1661, pid=1972, tid=21684
#
# JRE version: Java(TM) SE Runtime Environment (19.0.2+7) (build 19.0.2+7-44)
# Java VM: Java HotSpot(TM) 64-Bit Server VM (19.0.2+7-44, mixed mode, sharing, tiered, compressed oops, compressed class ptrs, g1 gc, windows-amd64)
# Problematic frame:
# C  [flatlaf-windows-x86_64-17215257025761000.dll+0x1661]
#
# No core dump will be written. Minidumps are not enabled by default on client versions of Windows
#
# If you would like to submit a bug report, please visit:
#   https://bugreport.java.com/bugreport/crash.jsp
# The crash happened outside the Java Virtual Machine in native code.
# See problematic frame for where to report the bug.
#

---------------  S U M M A R Y ------------

Command Line: -javaagent:D:\Program_Files\IntelliJ IDEA Community Edition 2022.3.2\lib\idea_rt.jar=12957:D:\Program_Files\IntelliJ IDEA Community Edition 2022.3.2\bin -Dfile.encoding=UTF-8 -Dsun.stdout.encoding=UTF-8 -Dsun.stderr.encoding=UTF-8 cu.edu.cujae.structdb.Main

Host: Intel(R) Core(TM) i7-10870H CPU @ 2.20GHz, 16 cores, 15G,  Windows 10 , 64 bit Build 19041 (10.0.19041.1889)
Time: Fri May 19 10:49:39 2023 Hora de verano de Cuba elapsed time: 43.493847 seconds (0d 0h 0m 43s)

---------------  T H R E A D  ---------------

Current thread (0x0000016e8ad414e0):  JavaThread "AWT-Windows" daemon [_thread_in_native, id=21684, stack(0x0000005bb9100000,0x0000005bb9200000)]

Stack: [0x0000005bb9100000,0x0000005bb9200000],  sp=0x0000005bb91fe890,  free space=1018k
Native frames: (J=compiled Java code, j=interpreted, Vv=VM code, C=native code)
C  [flatlaf-windows-x86_64-17215257025761000.dll+0x1661]

Java frames: (J=compiled Java code, j=interpreted, Vv=VM code)
j  sun.awt.windows.WToolkit.eventLoop()V+0 java.desktop@19.0.2
j  sun.awt.windows.WToolkit.run()V+50 java.desktop@19.0.2
j  java.lang.Thread.run()V+13 java.base@19.0.2
v  ~StubRoutines::call_stub 0x0000016ef6b4100e

siginfo: EXCEPTION_ACCESS_VIOLATION (0xc0000005), reading address 0x0000000000000020


Registers:
RAX=0x0000000000000000, RBX=0x0000000000009803, RCX=0x0000000000000000, RDX=0x00000000000707fa
RSP=0x0000005bb91fe890, RBP=0x00000000000707fa, RSI=0x0000000000000000, RDI=0x0000000000000000
R8 =0x0000000000009803, R9 =0x0000000000000000, R10=0x00007ffdcb3435f0, R11=0x0000000000000100
R12=0x0000000000000000, R13=0x0000000000009803, R14=0x0000000000000000, R15=0x00000000001d03b7
RIP=0x00007ffdbc7e1661, EFLAGS=0x0000000000010202


Register to memory mapping:

RIP=0x00007ffdbc7e1661 flatlaf-windows-x86_64-17215257025761000.dll
RAX=0x0 is NULL
RBX=0x0000000000009803 is an unknown value
RCX=0x0 is NULL
RDX=0x00000000000707fa is an unknown value
RSP=0x0000005bb91fe890 is pointing into the stack for thread: 0x0000016e8ad414e0
RBP=0x00000000000707fa is an unknown value
RSI=0x0 is NULL
RDI=0x0 is NULL
R8 =0x0000000000009803 is an unknown value
R9 =0x0 is NULL
R10=0x00007ffdcb3435f0 USER32.dll
R11=0x0000000000000100 is an unknown value
R12=0x0 is NULL
R13=0x0000000000009803 is an unknown value
R14=0x0 is NULL
R15=0x00000000001d03b7 is an unknown value


Top of Stack: (sp=0x0000005bb91fe890)
0x0000005bb91fe890:   0000000000000000 0000000000000008
0x0000005bb91fe8a0:   0000000000000000 0000000000000000
0x0000005bb91fe8b0:   0000016e967d4910 00007ffdbc7e10c5
0x0000005bb91fe8c0:   0000016e8000ffff 0000016ee570e5d0
0x0000005bb91fe8d0:   0000000000000000 0000000000000000
0x0000005bb91fe8e0:   0000000000000000 00007ffdbc7e13f4
0x0000005bb91fe8f0:   00000000001d03b7 00000000000707fa
0x0000005bb91fe900:   0000000000009803 0000000000000000
0x0000005bb91fe910:   00000000001d03b7 00000000fffffff0
0x0000005bb91fe920:   0000000080000022 00007ffdcb29e858
0x0000005bb91fe930:   0000000000000001 0000005bb91feb20
0x0000005bb91fe940:   0000000000000000 0000000000000000
0x0000005bb91fe950:   0000016e8ad417c0 00007ffdcb2935a5
0x0000005bb91fe960:   0000016e8ad414e0 00007ffd3edb7406
0x0000005bb91fe970:   0000000000000000 0000000000000000
0x0000005bb91fe980:   8000002200000000 0000000000000000 

Instructions: (pc=0x00007ffdbc7e1661)
0x00007ffdbc7e1561:   b9 5c 00 00 00 8b d8 ff 15 22 1b 00 00 8b d3 b9
0x00007ffdbc7e1571:   21 00 00 00 8b f8 ff 15 13 1b 00 00 03 f8 44 3b
0x00007ffdbc7e1581:   f7 7d 18 ba f0 ff ff ff 48 8b cd ff 15 3e 1b 00
0x00007ffdbc7e1591:   00 0f ba e0 12 73 04 b3 01 eb 02 32 db 48 8b 4e
0x00007ffdbc7e15a1:   08 48 85 c9 75 32 48 8b 0e 48 8d 56 08 41 b8 02
0x00007ffdbc7e15b1:   00 01 00 48 8b 01 ff 50 30 48 8b 4e 08 48 85 c9
0x00007ffdbc7e15c1:   75 16 b8 01 00 00 00 84 db b9 0c 00 00 00 0f 45
0x00007ffdbc7e15d1:   c1 48 98 e9 a0 00 00 00 4c 8b 05 28 2a 00 00 45
0x00007ffdbc7e15e1:   8b cf 48 8b 56 10 0f b6 c3 89 44 24 28 44 89 74
0x00007ffdbc7e15f1:   24 20 e8 58 fd ff ff 48 98 eb 7d 81 fb a5 00 00
0x00007ffdbc7e1601:   00 74 3f 81 fb 20 03 00 00 75 55 48 8b 49 08 48
0x00007ffdbc7e1611:   85 c9 75 1c 48 8b 0e 48 8d 56 08 41 b8 02 00 01
0x00007ffdbc7e1621:   00 48 8b 01 ff 50 30 48 8b 4e 08 48 85 c9 74 30
0x00007ffdbc7e1631:   4c 8b 05 e0 29 00 00 48 8b 56 10 e8 3f fd ff ff
0x00007ffdbc7e1641:   eb 1e 49 8d 41 fe 48 83 f8 01 77 14 49 8b c7 45
0x00007ffdbc7e1651:   0f bf c7 48 c1 e8 10 44 0f bf c8 e8 df 04 00 00
0x00007ffdbc7e1661:   48 8b 4e 20 44 8b c3 4c 89 7c 24 20 4c 8b cf 48
0x00007ffdbc7e1671:   8b d5 ff 15 47 1a 00 00 48 8b 5c 24 60 48 8b 6c
0x00007ffdbc7e1681:   24 68 48 8b 74 24 70 48 83 c4 40 41 5f 41 5e 5f
0x00007ffdbc7e1691:   c3 cc cc cc cc cc cc cc cc cc cc cc cc cc cc 48
0x00007ffdbc7e16a1:   89 7c 24 18 4c 89 74 24 20 55 48 8d 6c 24 b1 48
0x00007ffdbc7e16b1:   81 ec c0 00 00 00 48 8b f9 48 8b 49 20 4c 8b f2
0x00007ffdbc7e16c1:   49 83 f9 01 74 14 48 8b 45 7f 48 89 44 24 20 ff
0x00007ffdbc7e16d1:   15 ea 19 00 00 e9 da 01 00 00 48 89 9c 24 d0 00
0x00007ffdbc7e16e1:   00 00 41 b9 01 00 00 00 48 8b 5d 7f 48 89 b4 24
0x00007ffdbc7e16f1:   d8 00 00 00 48 89 5c 24 20 8b 73 04 ff 15 bd 19
0x00007ffdbc7e1701:   00 00 48 85 c0 0f 85 99 01 00 00 49 8b ce 89 73
0x00007ffdbc7e1711:   04 ff 15 90 19 00 00 85 c0 0f 84 83 01 00 00 48
0x00007ffdbc7e1721:   8b 4f 08 48 85 c9 75 1c 48 8b 0f 48 8d 57 08 41
0x00007ffdbc7e1731:   b8 02 00 01 00 48 8b 01 ff 50 30 48 8b 4f 08 48
0x00007ffdbc7e1741:   85 c9 74 1b 4c 8b 05 c4 28 00 00 48 8b 57 10 e8
0x00007ffdbc7e1751:   cb fb ff ff 0f b6 c0 85 c0 0f 85 43 01 00 00 48 


Stack slot to memory mapping:
stack at sp + 0 slots: 0x0 is NULL
stack at sp + 1 slots: 0x0000000000000008 is an unknown value
stack at sp + 2 slots: 0x0 is NULL
stack at sp + 3 slots: 0x0 is NULL
stack at sp + 4 slots: 0x0000016e967d4910 points into unknown readable memory: 0x0000001400000000 | 00 00 00 00 14 00 00 00
stack at sp + 5 slots: 0x00007ffdbc7e10c5 flatlaf-windows-x86_64-17215257025761000.dll
stack at sp + 6 slots: 0x0000016e8000ffff points into unknown readable memory: 00
stack at sp + 7 slots: 0x0000016ee570e5d0 points into unknown readable memory: 0x00007ffdc32b9d78 | 78 9d 2b c3 fd 7f 00 00


---------------  P R O C E S S  ---------------

Threads class SMR info:
_java_thread_list=0x0000016e96bbfde0, length=18, elements={
0x0000016e8ad371c0, 0x0000016e8ad37fb0, 0x0000016e8ad3b7b0, 0x0000016e8ad3f100,
0x0000016e8ad3fb70, 0x0000016e8ad434c0, 0x0000016e8ad48350, 0x0000016e8ad53cf0,
0x0000016e8ad404f0, 0x0000016e8ad40a40, 0x0000016e8ad41a30, 0x0000016e8ad40f90,
0x0000016e8ad41f80, 0x0000016e8ad43a10, 0x0000016e8ad414e0, 0x0000016e902f4be0,
0x0000016e902f8ba0, 0x0000016e902f4140
}

Java Threads: ( => current thread )
  0x0000016e8ad371c0 JavaThread "Reference Handler" daemon [_thread_blocked, id=27328, stack(0x0000005bb8000000,0x0000005bb8100000)]
  0x0000016e8ad37fb0 JavaThread "Finalizer" daemon [_thread_blocked, id=21936, stack(0x0000005bb8100000,0x0000005bb8200000)]
  0x0000016e8ad3b7b0 JavaThread "Signal Dispatcher" daemon [_thread_blocked, id=13612, stack(0x0000005bb8200000,0x0000005bb8300000)]
  0x0000016e8ad3f100 JavaThread "Attach Listener" daemon [_thread_blocked, id=10816, stack(0x0000005bb8300000,0x0000005bb8400000)]
  0x0000016e8ad3fb70 JavaThread "Service Thread" daemon [_thread_blocked, id=20084, stack(0x0000005bb8400000,0x0000005bb8500000)]
  0x0000016e8ad434c0 JavaThread "Monitor Deflation Thread" daemon [_thread_blocked, id=22348, stack(0x0000005bb8500000,0x0000005bb8600000)]
  0x0000016e8ad48350 JavaThread "C2 CompilerThread0" daemon [_thread_blocked, id=18124, stack(0x0000005bb8600000,0x0000005bb8700000)]
  0x0000016e8ad53cf0 JavaThread "C1 CompilerThread0" daemon [_thread_blocked, id=9080, stack(0x0000005bb8700000,0x0000005bb8800000)]
  0x0000016e8ad404f0 JavaThread "Sweeper thread" daemon [_thread_blocked, id=3216, stack(0x0000005bb8800000,0x0000005bb8900000)]
  0x0000016e8ad40a40 JavaThread "Common-Cleaner" daemon [_thread_blocked, id=18516, stack(0x0000005bb8a00000,0x0000005bb8b00000)]
  0x0000016e8ad41a30 JavaThread "Monitor Ctrl-Break" daemon [_thread_in_native, id=22284, stack(0x0000005bb8c00000,0x0000005bb8d00000)]
  0x0000016e8ad40f90 JavaThread "Notification Thread" daemon [_thread_blocked, id=1608, stack(0x0000005bb8d00000,0x0000005bb8e00000)]
  0x0000016e8ad41f80 JavaThread "Java2D Disposer" daemon [_thread_blocked, id=2256, stack(0x0000005bb8f00000,0x0000005bb9000000)]
  0x0000016e8ad43a10 JavaThread "AWT-Shutdown" [_thread_blocked, id=8128, stack(0x0000005bb9000000,0x0000005bb9100000)]
=>0x0000016e8ad414e0 JavaThread "AWT-Windows" daemon [_thread_in_native, id=21684, stack(0x0000005bb9100000,0x0000005bb9200000)]
  0x0000016e902f4be0 JavaThread "AWT-EventQueue-0" [_thread_in_native, id=22224, stack(0x0000005bb9530000,0x0000005bb9630000)]
  0x0000016e902f8ba0 JavaThread "DestroyJavaVM" [_thread_blocked, id=28252, stack(0x0000005bb7900000,0x0000005bb7a00000)]
  0x0000016e902f4140 JavaThread "TimerQueue" daemon [_thread_blocked, id=16500, stack(0x0000005bb9930000,0x0000005bb9a30000)]

Other Threads:
  0x0000016e8ad1ea40 VMThread "VM Thread" [stack: 0x0000005bb7f00000,0x0000005bb8000000] [id=11024]
  0x0000016e8fc44d50 WatcherThread "VM Periodic Task Thread" [stack: 0x0000005bb8e00000,0x0000005bb8f00000] [id=8280]
  0x0000016ee77f0bb0 WorkerThread "GC Thread#0" [stack: 0x0000005bb7a00000,0x0000005bb7b00000] [id=13648]
  0x0000016e96ab5bc0 WorkerThread "GC Thread#1" [stack: 0x0000005bb9c30000,0x0000005bb9d30000] [id=28924]
  0x0000016e96ab5620 WorkerThread "GC Thread#2" [stack: 0x0000005bb9d30000,0x0000005bb9e30000] [id=13932]
  0x0000016e96ab5080 WorkerThread "GC Thread#3" [stack: 0x0000005bb9e30000,0x0000005bb9f30000] [id=26768]
  0x0000016e96ab5350 WorkerThread "GC Thread#4" [stack: 0x0000005bb9f30000,0x0000005bba030000] [id=3800]
  0x0000016e96ab58f0 WorkerThread "GC Thread#5" [stack: 0x0000005bba030000,0x0000005bba130000] [id=1192]
  0x0000016e96ab7ab0 WorkerThread "GC Thread#6" [stack: 0x0000005bba130000,0x0000005bba230000] [id=8492]
  0x0000016e96ab5e90 WorkerThread "GC Thread#7" [stack: 0x0000005bba230000,0x0000005bba330000] [id=9768]
  0x0000016e96ab6700 WorkerThread "GC Thread#8" [stack: 0x0000005bba330000,0x0000005bba430000] [id=14756]
  0x0000016e96ab69d0 WorkerThread "GC Thread#9" [stack: 0x0000005bba430000,0x0000005bba530000] [id=22740]
  0x0000016e96ab7d80 WorkerThread "GC Thread#10" [stack: 0x0000005bba530000,0x0000005bba630000] [id=13492]
  0x0000016e96ab85f0 WorkerThread "GC Thread#11" [stack: 0x0000005bba630000,0x0000005bba730000] [id=13044]
  0x0000016e96ab6f70 WorkerThread "GC Thread#12" [stack: 0x0000005bba730000,0x0000005bba830000] [id=14256]
  0x0000016ee7801970 ConcurrentGCThread "G1 Main Marker" [stack: 0x0000005bb7b00000,0x0000005bb7c00000] [id=10880]
  0x0000016ee7802b40 WorkerThread "G1 Conc#0" [stack: 0x0000005bb7c00000,0x0000005bb7d00000] [id=17668]
  0x0000016ee784da00 ConcurrentGCThread "G1 Refine#0" [stack: 0x0000005bb7d00000,0x0000005bb7e00000] [id=5576]
  0x0000016ee784e540 ConcurrentGCThread "G1 Service" [stack: 0x0000005bb7e00000,0x0000005bb7f00000] [id=16572]

Threads with active compile tasks:

VM state: not at safepoint (normal execution)

VM Mutex/Monitor currently owned by a thread: None

Heap address: 0x0000000703400000, size: 4044 MB, Compressed Oops mode: Zero based, Oop shift amount: 3

CDS archive(s) mapped at: [0x0000000800000000-0x0000000800c40000-0x0000000800c40000), size 12845056, SharedBaseAddress: 0x0000000800000000, ArchiveRelocationMode: 0.
Compressed class space mapped at: 0x0000000801000000-0x0000000841000000, reserved size: 1073741824
Narrow klass base: 0x0000000800000000, Narrow klass shift: 0, Narrow klass range: 0x100000000

GC Precious Log:
 CardTable entry size: 512
 Card Set container configuration: InlinePtr #cards 4 size 8 Array Of Cards #cards 16 size 48 Howl #buckets 8 coarsen threshold 3686 Howl Bitmap #cards 512 size 80 coarsen threshold 460 Card regions per heap region 1 cards per card region 4096
 CPUs: 16 total, 16 available
 Memory: 16168M
 Large Page Support: Disabled
 NUMA Support: Disabled
 Compressed Oops: Enabled (Zero based)
 Heap Region Size: 2M
 Heap Min Capacity: 8M
 Heap Initial Capacity: 254M
 Heap Max Capacity: 4044M
 Pre-touch: Disabled
 Parallel Workers: 13
 Concurrent Workers: 3
 Concurrent Refinement Workers: 13
 Periodic GC: Disabled

Heap:
 garbage-first heap   total 260096K, used 28044K [0x0000000703400000, 0x0000000800000000)
  region size 2048K, 9 young (18432K), 2 survivors (4096K)
 Metaspace       used 17168K, committed 17536K, reserved 1114112K
  class space    used 1816K, committed 1984K, reserved 1048576K

Heap Regions: E=young(eden), S=young(survivor), O=old, HS=humongous(starts), HC=humongous(continues), CS=collection set, F=free, OA=open archive, CA=closed archive, TAMS=top-at-mark-start (previous, next)
|   0|0x0000000703400000, 0x0000000703600000, 0x0000000703600000|100%|HS|  |TAMS 0x0000000703400000, 0x0000000703400000| Complete 
|   1|0x0000000703600000, 0x0000000703800000, 0x0000000703800000|100%|HS|  |TAMS 0x0000000703600000, 0x0000000703600000| Complete 
|   2|0x0000000703800000, 0x0000000703963000, 0x0000000703a00000| 69%| O|  |TAMS 0x0000000703800000, 0x0000000703800000| Untracked 
|   3|0x0000000703a00000, 0x0000000703c00000, 0x0000000703c00000|100%|HS|  |TAMS 0x0000000703a00000, 0x0000000703a00000| Complete 
|   4|0x0000000703c00000, 0x0000000703e00000, 0x0000000703e00000|100%|HC|  |TAMS 0x0000000703c00000, 0x0000000703c00000| Complete 
|   5|0x0000000703e00000, 0x0000000704000000, 0x0000000704000000|100%|HS|  |TAMS 0x0000000703e00000, 0x0000000703e00000| Complete 
|   6|0x0000000704000000, 0x0000000704000000, 0x0000000704200000|  0%| F|  |TAMS 0x0000000704000000, 0x0000000704000000| Untracked 
|   7|0x0000000704200000, 0x0000000704200000, 0x0000000704400000|  0%| F|  |TAMS 0x0000000704200000, 0x0000000704200000| Untracked 
|   8|0x0000000704400000, 0x0000000704400000, 0x0000000704600000|  0%| F|  |TAMS 0x0000000704400000, 0x0000000704400000| Untracked 
|   9|0x0000000704600000, 0x0000000704600000, 0x0000000704800000|  0%| F|  |TAMS 0x0000000704600000, 0x0000000704600000| Untracked 
|  10|0x0000000704800000, 0x0000000704800000, 0x0000000704a00000|  0%| F|  |TAMS 0x0000000704800000, 0x0000000704800000| Untracked 
|  11|0x0000000704a00000, 0x0000000704a00000, 0x0000000704c00000|  0%| F|  |TAMS 0x0000000704a00000, 0x0000000704a00000| Untracked 
|  12|0x0000000704c00000, 0x0000000704c00000, 0x0000000704e00000|  0%| F|  |TAMS 0x0000000704c00000, 0x0000000704c00000| Untracked 
|  13|0x0000000704e00000, 0x0000000704e00000, 0x0000000705000000|  0%| F|  |TAMS 0x0000000704e00000, 0x0000000704e00000| Untracked 
|  14|0x0000000705000000, 0x0000000705000000, 0x0000000705200000|  0%| F|  |TAMS 0x0000000705000000, 0x0000000705000000| Untracked 
|  15|0x0000000705200000, 0x0000000705200000, 0x0000000705400000|  0%| F|  |TAMS 0x0000000705200000, 0x0000000705200000| Untracked 
|  16|0x0000000705400000, 0x0000000705400000, 0x0000000705600000|  0%| F|  |TAMS 0x0000000705400000, 0x0000000705400000| Untracked 
|  17|0x0000000705600000, 0x0000000705600000, 0x0000000705800000|  0%| F|  |TAMS 0x0000000705600000, 0x0000000705600000| Untracked 
|  18|0x0000000705800000, 0x0000000705800000, 0x0000000705a00000|  0%| F|  |TAMS 0x0000000705800000, 0x0000000705800000| Untracked 
|  19|0x0000000705a00000, 0x0000000705a00000, 0x0000000705c00000|  0%| F|  |TAMS 0x0000000705a00000, 0x0000000705a00000| Untracked 
|  20|0x0000000705c00000, 0x0000000705c00000, 0x0000000705e00000|  0%| F|  |TAMS 0x0000000705c00000, 0x0000000705c00000| Untracked 
|  21|0x0000000705e00000, 0x0000000705e00000, 0x0000000706000000|  0%| F|  |TAMS 0x0000000705e00000, 0x0000000705e00000| Untracked 
|  22|0x0000000706000000, 0x0000000706000000, 0x0000000706200000|  0%| F|  |TAMS 0x0000000706000000, 0x0000000706000000| Untracked 
|  23|0x0000000706200000, 0x0000000706200000, 0x0000000706400000|  0%| F|  |TAMS 0x0000000706200000, 0x0000000706200000| Untracked 
|  24|0x0000000706400000, 0x0000000706400000, 0x0000000706600000|  0%| F|  |TAMS 0x0000000706400000, 0x0000000706400000| Untracked 
|  25|0x0000000706600000, 0x0000000706600000, 0x0000000706800000|  0%| F|  |TAMS 0x0000000706600000, 0x0000000706600000| Untracked 
|  26|0x0000000706800000, 0x0000000706800000, 0x0000000706a00000|  0%| F|  |TAMS 0x0000000706800000, 0x0000000706800000| Untracked 
|  27|0x0000000706a00000, 0x0000000706a00000, 0x0000000706c00000|  0%| F|  |TAMS 0x0000000706a00000, 0x0000000706a00000| Untracked 
|  28|0x0000000706c00000, 0x0000000706c00000, 0x0000000706e00000|  0%| F|  |TAMS 0x0000000706c00000, 0x0000000706c00000| Untracked 
|  29|0x0000000706e00000, 0x0000000706e00000, 0x0000000707000000|  0%| F|  |TAMS 0x0000000706e00000, 0x0000000706e00000| Untracked 
|  30|0x0000000707000000, 0x0000000707000000, 0x0000000707200000|  0%| F|  |TAMS 0x0000000707000000, 0x0000000707000000| Untracked 
|  31|0x0000000707200000, 0x0000000707200000, 0x0000000707400000|  0%| F|  |TAMS 0x0000000707200000, 0x0000000707200000| Untracked 
|  32|0x0000000707400000, 0x0000000707400000, 0x0000000707600000|  0%| F|  |TAMS 0x0000000707400000, 0x0000000707400000| Untracked 
|  33|0x0000000707600000, 0x0000000707600000, 0x0000000707800000|  0%| F|  |TAMS 0x0000000707600000, 0x0000000707600000| Untracked 
|  34|0x0000000707800000, 0x0000000707800000, 0x0000000707a00000|  0%| F|  |TAMS 0x0000000707800000, 0x0000000707800000| Untracked 
|  35|0x0000000707a00000, 0x0000000707a00000, 0x0000000707c00000|  0%| F|  |TAMS 0x0000000707a00000, 0x0000000707a00000| Untracked 
|  36|0x0000000707c00000, 0x0000000707c00000, 0x0000000707e00000|  0%| F|  |TAMS 0x0000000707c00000, 0x0000000707c00000| Untracked 
|  37|0x0000000707e00000, 0x0000000707e00000, 0x0000000708000000|  0%| F|  |TAMS 0x0000000707e00000, 0x0000000707e00000| Untracked 
|  38|0x0000000708000000, 0x0000000708000000, 0x0000000708200000|  0%| F|  |TAMS 0x0000000708000000, 0x0000000708000000| Untracked 
|  39|0x0000000708200000, 0x0000000708200000, 0x0000000708400000|  0%| F|  |TAMS 0x0000000708200000, 0x0000000708200000| Untracked 
|  40|0x0000000708400000, 0x0000000708400000, 0x0000000708600000|  0%| F|  |TAMS 0x0000000708400000, 0x0000000708400000| Untracked 
|  41|0x0000000708600000, 0x0000000708600000, 0x0000000708800000|  0%| F|  |TAMS 0x0000000708600000, 0x0000000708600000| Untracked 
|  42|0x0000000708800000, 0x0000000708800000, 0x0000000708a00000|  0%| F|  |TAMS 0x0000000708800000, 0x0000000708800000| Untracked 
|  43|0x0000000708a00000, 0x0000000708a00000, 0x0000000708c00000|  0%| F|  |TAMS 0x0000000708a00000, 0x0000000708a00000| Untracked 
|  44|0x0000000708c00000, 0x0000000708c00000, 0x0000000708e00000|  0%| F|  |TAMS 0x0000000708c00000, 0x0000000708c00000| Untracked 
|  45|0x0000000708e00000, 0x0000000708e00000, 0x0000000709000000|  0%| F|  |TAMS 0x0000000708e00000, 0x0000000708e00000| Untracked 
|  46|0x0000000709000000, 0x0000000709000000, 0x0000000709200000|  0%| F|  |TAMS 0x0000000709000000, 0x0000000709000000| Untracked 
|  47|0x0000000709200000, 0x0000000709200000, 0x0000000709400000|  0%| F|  |TAMS 0x0000000709200000, 0x0000000709200000| Untracked 
|  48|0x0000000709400000, 0x0000000709400000, 0x0000000709600000|  0%| F|  |TAMS 0x0000000709400000, 0x0000000709400000| Untracked 
|  49|0x0000000709600000, 0x0000000709600000, 0x0000000709800000|  0%| F|  |TAMS 0x0000000709600000, 0x0000000709600000| Untracked 
|  50|0x0000000709800000, 0x0000000709800000, 0x0000000709a00000|  0%| F|  |TAMS 0x0000000709800000, 0x0000000709800000| Untracked 
|  51|0x0000000709a00000, 0x0000000709a00000, 0x0000000709c00000|  0%| F|  |TAMS 0x0000000709a00000, 0x0000000709a00000| Untracked 
|  52|0x0000000709c00000, 0x0000000709c00000, 0x0000000709e00000|  0%| F|  |TAMS 0x0000000709c00000, 0x0000000709c00000| Untracked 
|  53|0x0000000709e00000, 0x0000000709e00000, 0x000000070a000000|  0%| F|  |TAMS 0x0000000709e00000, 0x0000000709e00000| Untracked 
|  54|0x000000070a000000, 0x000000070a000000, 0x000000070a200000|  0%| F|  |TAMS 0x000000070a000000, 0x000000070a000000| Untracked 
|  55|0x000000070a200000, 0x000000070a200000, 0x000000070a400000|  0%| F|  |TAMS 0x000000070a200000, 0x000000070a200000| Untracked 
|  56|0x000000070a400000, 0x000000070a400000, 0x000000070a600000|  0%| F|  |TAMS 0x000000070a400000, 0x000000070a400000| Untracked 
|  57|0x000000070a600000, 0x000000070a600000, 0x000000070a800000|  0%| F|  |TAMS 0x000000070a600000, 0x000000070a600000| Untracked 
|  58|0x000000070a800000, 0x000000070a800000, 0x000000070aa00000|  0%| F|  |TAMS 0x000000070a800000, 0x000000070a800000| Untracked 
|  59|0x000000070aa00000, 0x000000070aa00000, 0x000000070ac00000|  0%| F|  |TAMS 0x000000070aa00000, 0x000000070aa00000| Untracked 
|  60|0x000000070ac00000, 0x000000070ac00000, 0x000000070ae00000|  0%| F|  |TAMS 0x000000070ac00000, 0x000000070ac00000| Untracked 
|  61|0x000000070ae00000, 0x000000070ae00000, 0x000000070b000000|  0%| F|  |TAMS 0x000000070ae00000, 0x000000070ae00000| Untracked 
|  62|0x000000070b000000, 0x000000070b000000, 0x000000070b200000|  0%| F|  |TAMS 0x000000070b000000, 0x000000070b000000| Untracked 
|  63|0x000000070b200000, 0x000000070b200000, 0x000000070b400000|  0%| F|  |TAMS 0x000000070b200000, 0x000000070b200000| Untracked 
|  64|0x000000070b400000, 0x000000070b400000, 0x000000070b600000|  0%| F|  |TAMS 0x000000070b400000, 0x000000070b400000| Untracked 
|  65|0x000000070b600000, 0x000000070b600000, 0x000000070b800000|  0%| F|  |TAMS 0x000000070b600000, 0x000000070b600000| Untracked 
|  66|0x000000070b800000, 0x000000070b800000, 0x000000070ba00000|  0%| F|  |TAMS 0x000000070b800000, 0x000000070b800000| Untracked 
|  67|0x000000070ba00000, 0x000000070ba00000, 0x000000070bc00000|  0%| F|  |TAMS 0x000000070ba00000, 0x000000070ba00000| Untracked 
|  68|0x000000070bc00000, 0x000000070bc00000, 0x000000070be00000|  0%| F|  |TAMS 0x000000070bc00000, 0x000000070bc00000| Untracked 
|  69|0x000000070be00000, 0x000000070be00000, 0x000000070c000000|  0%| F|  |TAMS 0x000000070be00000, 0x000000070be00000| Untracked 
|  70|0x000000070c000000, 0x000000070c000000, 0x000000070c200000|  0%| F|  |TAMS 0x000000070c000000, 0x000000070c000000| Untracked 
|  71|0x000000070c200000, 0x000000070c200000, 0x000000070c400000|  0%| F|  |TAMS 0x000000070c200000, 0x000000070c200000| Untracked 
|  72|0x000000070c400000, 0x000000070c400000, 0x000000070c600000|  0%| F|  |TAMS 0x000000070c400000, 0x000000070c400000| Untracked 
|  73|0x000000070c600000, 0x000000070c600000, 0x000000070c800000|  0%| F|  |TAMS 0x000000070c600000, 0x000000070c600000| Untracked 
|  74|0x000000070c800000, 0x000000070c800000, 0x000000070ca00000|  0%| F|  |TAMS 0x000000070c800000, 0x000000070c800000| Untracked 
|  75|0x000000070ca00000, 0x000000070ca00000, 0x000000070cc00000|  0%| F|  |TAMS 0x000000070ca00000, 0x000000070ca00000| Untracked 
|  76|0x000000070cc00000, 0x000000070cc00000, 0x000000070ce00000|  0%| F|  |TAMS 0x000000070cc00000, 0x000000070cc00000| Untracked 
|  77|0x000000070ce00000, 0x000000070ce00000, 0x000000070d000000|  0%| F|  |TAMS 0x000000070ce00000, 0x000000070ce00000| Untracked 
|  78|0x000000070d000000, 0x000000070d000000, 0x000000070d200000|  0%| F|  |TAMS 0x000000070d000000, 0x000000070d000000| Untracked 
|  79|0x000000070d200000, 0x000000070d200000, 0x000000070d400000|  0%| F|  |TAMS 0x000000070d200000, 0x000000070d200000| Untracked 
|  80|0x000000070d400000, 0x000000070d400000, 0x000000070d600000|  0%| F|  |TAMS 0x000000070d400000, 0x000000070d400000| Untracked 
|  81|0x000000070d600000, 0x000000070d600000, 0x000000070d800000|  0%| F|  |TAMS 0x000000070d600000, 0x000000070d600000| Untracked 
|  82|0x000000070d800000, 0x000000070d800000, 0x000000070da00000|  0%| F|  |TAMS 0x000000070d800000, 0x000000070d800000| Untracked 
|  83|0x000000070da00000, 0x000000070da00000, 0x000000070dc00000|  0%| F|  |TAMS 0x000000070da00000, 0x000000070da00000| Untracked 
|  84|0x000000070dc00000, 0x000000070dc00000, 0x000000070de00000|  0%| F|  |TAMS 0x000000070dc00000, 0x000000070dc00000| Untracked 
|  85|0x000000070de00000, 0x000000070de00000, 0x000000070e000000|  0%| F|  |TAMS 0x000000070de00000, 0x000000070de00000| Untracked 
|  86|0x000000070e000000, 0x000000070e000000, 0x000000070e200000|  0%| F|  |TAMS 0x000000070e000000, 0x000000070e000000| Untracked 
|  87|0x000000070e200000, 0x000000070e200000, 0x000000070e400000|  0%| F|  |TAMS 0x000000070e200000, 0x000000070e200000| Untracked 
|  88|0x000000070e400000, 0x000000070e400000, 0x000000070e600000|  0%| F|  |TAMS 0x000000070e400000, 0x000000070e400000| Untracked 
|  89|0x000000070e600000, 0x000000070e600000, 0x000000070e800000|  0%| F|  |TAMS 0x000000070e600000, 0x000000070e600000| Untracked 
|  90|0x000000070e800000, 0x000000070e800000, 0x000000070ea00000|  0%| F|  |TAMS 0x000000070e800000, 0x000000070e800000| Untracked 
|  91|0x000000070ea00000, 0x000000070ea00000, 0x000000070ec00000|  0%| F|  |TAMS 0x000000070ea00000, 0x000000070ea00000| Untracked 
|  92|0x000000070ec00000, 0x000000070ec00000, 0x000000070ee00000|  0%| F|  |TAMS 0x000000070ec00000, 0x000000070ec00000| Untracked 
|  93|0x000000070ee00000, 0x000000070ee00000, 0x000000070f000000|  0%| F|  |TAMS 0x000000070ee00000, 0x000000070ee00000| Untracked 
|  94|0x000000070f000000, 0x000000070f000000, 0x000000070f200000|  0%| F|  |TAMS 0x000000070f000000, 0x000000070f000000| Untracked 
|  95|0x000000070f200000, 0x000000070f200000, 0x000000070f400000|  0%| F|  |TAMS 0x000000070f200000, 0x000000070f200000| Untracked 
|  96|0x000000070f400000, 0x000000070f400000, 0x000000070f600000|  0%| F|  |TAMS 0x000000070f400000, 0x000000070f400000| Untracked 
|  97|0x000000070f600000, 0x000000070f600000, 0x000000070f800000|  0%| F|  |TAMS 0x000000070f600000, 0x000000070f600000| Untracked 
|  98|0x000000070f800000, 0x000000070f800000, 0x000000070fa00000|  0%| F|  |TAMS 0x000000070f800000, 0x000000070f800000| Untracked 
|  99|0x000000070fa00000, 0x000000070fa00000, 0x000000070fc00000|  0%| F|  |TAMS 0x000000070fa00000, 0x000000070fa00000| Untracked 
| 100|0x000000070fc00000, 0x000000070fc00000, 0x000000070fe00000|  0%| F|  |TAMS 0x000000070fc00000, 0x000000070fc00000| Untracked 
| 101|0x000000070fe00000, 0x000000070fe00000, 0x0000000710000000|  0%| F|  |TAMS 0x000000070fe00000, 0x000000070fe00000| Untracked 
| 102|0x0000000710000000, 0x0000000710000000, 0x0000000710200000|  0%| F|  |TAMS 0x0000000710000000, 0x0000000710000000| Untracked 
| 103|0x0000000710200000, 0x0000000710200000, 0x0000000710400000|  0%| F|  |TAMS 0x0000000710200000, 0x0000000710200000| Untracked 
| 104|0x0000000710400000, 0x0000000710400000, 0x0000000710600000|  0%| F|  |TAMS 0x0000000710400000, 0x0000000710400000| Untracked 
| 105|0x0000000710600000, 0x0000000710600000, 0x0000000710800000|  0%| F|  |TAMS 0x0000000710600000, 0x0000000710600000| Untracked 
| 106|0x0000000710800000, 0x0000000710800000, 0x0000000710a00000|  0%| F|  |TAMS 0x0000000710800000, 0x0000000710800000| Untracked 
| 107|0x0000000710a00000, 0x0000000710a00000, 0x0000000710c00000|  0%| F|  |TAMS 0x0000000710a00000, 0x0000000710a00000| Untracked 
| 108|0x0000000710c00000, 0x0000000710c00000, 0x0000000710e00000|  0%| F|  |TAMS 0x0000000710c00000, 0x0000000710c00000| Untracked 
| 109|0x0000000710e00000, 0x0000000710e00000, 0x0000000711000000|  0%| F|  |TAMS 0x0000000710e00000, 0x0000000710e00000| Untracked 
| 110|0x0000000711000000, 0x0000000711000000, 0x0000000711200000|  0%| F|  |TAMS 0x0000000711000000, 0x0000000711000000| Untracked 
| 111|0x0000000711200000, 0x0000000711200000, 0x0000000711400000|  0%| F|  |TAMS 0x0000000711200000, 0x0000000711200000| Untracked 
| 112|0x0000000711400000, 0x0000000711400000, 0x0000000711600000|  0%| F|  |TAMS 0x0000000711400000, 0x0000000711400000| Untracked 
| 113|0x0000000711600000, 0x0000000711600000, 0x0000000711800000|  0%| F|  |TAMS 0x0000000711600000, 0x0000000711600000| Untracked 
| 114|0x0000000711800000, 0x0000000711a00000, 0x0000000711a00000|100%| S|CS|TAMS 0x0000000711800000, 0x0000000711800000| Complete 
| 115|0x0000000711a00000, 0x0000000711c00000, 0x0000000711c00000|100%| S|CS|TAMS 0x0000000711a00000, 0x0000000711a00000| Complete 
| 116|0x0000000711c00000, 0x0000000711c00000, 0x0000000711e00000|  0%| F|  |TAMS 0x0000000711c00000, 0x0000000711c00000| Untracked 
| 117|0x0000000711e00000, 0x0000000711e00000, 0x0000000712000000|  0%| F|  |TAMS 0x0000000711e00000, 0x0000000711e00000| Untracked 
| 118|0x0000000712000000, 0x0000000712000000, 0x0000000712200000|  0%| F|  |TAMS 0x0000000712000000, 0x0000000712000000| Untracked 
| 119|0x0000000712200000, 0x0000000712200000, 0x0000000712400000|  0%| F|  |TAMS 0x0000000712200000, 0x0000000712200000| Untracked 
| 120|0x0000000712400000, 0x00000007124afb48, 0x0000000712600000| 34%| E|  |TAMS 0x0000000712400000, 0x0000000712400000| Complete 
| 121|0x0000000712600000, 0x0000000712800000, 0x0000000712800000|100%| E|CS|TAMS 0x0000000712600000, 0x0000000712600000| Complete 
| 122|0x0000000712800000, 0x0000000712a00000, 0x0000000712a00000|100%| E|CS|TAMS 0x0000000712800000, 0x0000000712800000| Complete 
| 123|0x0000000712a00000, 0x0000000712c00000, 0x0000000712c00000|100%| E|CS|TAMS 0x0000000712a00000, 0x0000000712a00000| Complete 
| 124|0x0000000712c00000, 0x0000000712e00000, 0x0000000712e00000|100%| E|CS|TAMS 0x0000000712c00000, 0x0000000712c00000| Complete 
| 125|0x0000000712e00000, 0x0000000713000000, 0x0000000713000000|100%| E|CS|TAMS 0x0000000712e00000, 0x0000000712e00000| Complete 
| 126|0x0000000713000000, 0x0000000713200000, 0x0000000713200000|100%| E|CS|TAMS 0x0000000713000000, 0x0000000713000000| Complete 

Card table byte_map: [0x0000016eff760000,0x0000016efff50000] _byte_map_base: 0x0000016efbf46000

Marking Bits (Prev, Next): (CMBitMap*) 0x0000016ee77f11e0, (CMBitMap*) 0x0000016ee77f1220
 Prev Bits: [0x0000016e807f0000, 0x0000016e84720000)
 Next Bits: [0x0000016e84720000, 0x0000016e88650000)

Polling page: 0x0000016ee6f50000

Metaspace:

Usage:
  Non-class:     14.99 MB used.
      Class:      1.77 MB used.
       Both:     16.77 MB used.

Virtual space:
  Non-class space:       64.00 MB reserved,      15.19 MB ( 24%) committed,  1 nodes.
      Class space:        1.00 GB reserved,       1.94 MB ( <1%) committed,  1 nodes.
             Both:        1.06 GB reserved,      17.12 MB (  2%) committed. 

Chunk freelists:
   Non-Class:  878.00 KB
       Class:  2.10 MB
        Both:  2.96 MB

MaxMetaspaceSize: unlimited
CompressedClassSpaceSize: 1.00 GB
Initial GC threshold: 21.00 MB
Current GC threshold: 21.00 MB
CDS: on
MetaspaceReclaimPolicy: balanced
 - commit_granule_bytes: 65536.
 - commit_granule_words: 8192.
 - virtual_space_node_default_size: 8388608.
 - enlarge_chunks_in_place: 1.
 - new_chunks_are_fully_committed: 0.
 - uncommit_free_chunks: 1.
 - use_allocation_guard: 0.


Internal statistics:

num_allocs_failed_limit: 0.
num_arena_births: 290.
num_arena_deaths: 0.
num_vsnodes_births: 2.
num_vsnodes_deaths: 0.
num_space_committed: 274.
num_space_uncommitted: 0.
num_chunks_returned_to_freelist: 0.
num_chunks_taken_from_freelist: 469.
num_chunk_merges: 0.
num_chunk_splits: 307.
num_chunks_enlarged: 204.
num_inconsistent_stats: 0.

CodeHeap 'non-profiled nmethods': size=119168Kb used=1419Kb max_used=1419Kb free=117748Kb
 bounds [0x0000016ef7290000, 0x0000016ef7500000, 0x0000016efe6f0000]
CodeHeap 'profiled nmethods': size=119104Kb used=7499Kb max_used=7499Kb free=111604Kb
 bounds [0x0000016eef6f0000, 0x0000016eefe50000, 0x0000016ef6b40000]
CodeHeap 'non-nmethods': size=7488Kb used=1484Kb max_used=3172Kb free=6003Kb
 bounds [0x0000016ef6b40000, 0x0000016ef6e60000, 0x0000016ef7290000]
 total_blobs=4076 nmethods=3323 adapters=662
 compilation: enabled
              stopped_count=0, restarted_count=0
 full_count=0

Compilation events (20 events):
Event: 42.855 Thread 0x0000016e8ad53cf0 nmethod 3313 0x0000016eefe35110 code [0x0000016eefe355a0, 0x0000016eefe37fe8]
Event: 42.855 Thread 0x0000016e8ad53cf0 3314       3       com.formdev.flatlaf.ui.FlatMenuItemRenderer::getIconForPainting (99 bytes)
Event: 42.856 Thread 0x0000016e8ad53cf0 nmethod 3314 0x0000016eefe38d10 code [0x0000016eefe38f60, 0x0000016eefe39f88]
Event: 42.856 Thread 0x0000016e8ad53cf0 3315       3       com.formdev.flatlaf.ui.FlatMenuItemRenderer::paintIcon (86 bytes)
Event: 42.856 Thread 0x0000016e8ad53cf0 nmethod 3315 0x0000016eefe3a290 code [0x0000016eefe3a4c0, 0x0000016eefe3ad08]
Event: 42.856 Thread 0x0000016e8ad53cf0 3316       3       com.formdev.flatlaf.ui.FlatMenuItemRenderer::paintText (130 bytes)
Event: 42.857 Thread 0x0000016e8ad53cf0 nmethod 3316 0x0000016eefe3af90 code [0x0000016eefe3b380, 0x0000016eefe3d4f8]
Event: 42.857 Thread 0x0000016e8ad53cf0 3317       3       com.formdev.flatlaf.ui.FlatMenuItemRenderer::paintAccelerator (34 bytes)
Event: 42.858 Thread 0x0000016e8ad53cf0 nmethod 3317 0x0000016eefe3de10 code [0x0000016eefe3e040, 0x0000016eefe3e828]
Event: 42.862 Thread 0x0000016e8ad48350 nmethod 3318 0x0000016ef73f1390 code [0x0000016ef73f1580, 0x0000016ef73f1fd0]
Event: 43.067 Thread 0x0000016e8ad53cf0 3319       3       sun.java2d.marlin.DMarlinRenderingEngine$NormalizingPathIterator$NearestPixelCenter::normCoord (9 bytes)
Event: 43.067 Thread 0x0000016e8ad53cf0 nmethod 3319 0x0000016eefe3ea90 code [0x0000016eefe3ec60, 0x0000016eefe3ee08]
Event: 43.067 Thread 0x0000016e8ad48350 3320       4       java.awt.geom.AffineTransform::hashCode (87 bytes)
Event: 43.068 Thread 0x0000016e8ad48350 nmethod 3320 0x0000016ef73f2490 code [0x0000016ef73f2600, 0x0000016ef73f27d8]
Event: 43.086 Thread 0x0000016e8ad53cf0 3321       3       sun.awt.SunToolkit::postEvent (147 bytes)
Event: 43.087 Thread 0x0000016e8ad53cf0 nmethod 3321 0x0000016eefe3ef10 code [0x0000016eefe3f360, 0x0000016eefe41468]
Event: 43.088 Thread 0x0000016e8ad48350 3322       4       sun.awt.SunToolkit::targetToAppContext (30 bytes)
Event: 43.089 Thread 0x0000016e8ad48350 nmethod 3322 0x0000016ef73f2890 code [0x0000016ef73f2a20, 0x0000016ef73f2d98]
Event: 43.352 Thread 0x0000016e8ad53cf0 3323       3       sun.java2d.pipe.DrawImage::scaleSurfaceData (79 bytes)
Event: 43.352 Thread 0x0000016e8ad53cf0 nmethod 3323 0x0000016eefe42110 code [0x0000016eefe42320, 0x0000016eefe42ae8]

GC Heap History (2 events):
Event: 3.481 GC heap before
{Heap before GC invocations=0 (full 0):
 garbage-first heap   total 260096K, used 26624K [0x0000000703400000, 0x0000000800000000)
  region size 2048K, 11 young (22528K), 0 survivors (0K)
 Metaspace       used 13825K, committed 14144K, reserved 1114112K
  class space    used 1475K, committed 1600K, reserved 1048576K
}
Event: 3.487 GC heap after
{Heap after GC invocations=1 (full 0):
 garbage-first heap   total 260096K, used 9612K [0x0000000703400000, 0x0000000800000000)
  region size 2048K, 2 young (4096K), 2 survivors (4096K)
 Metaspace       used 13825K, committed 14144K, reserved 1114112K
  class space    used 1475K, committed 1600K, reserved 1048576K
}

Dll operation events (15 events):
Event: 0.005 Loaded shared library D:\Program_Files\JDK 19\bin\java.dll
Event: 0.012 Loaded shared library D:\Program_Files\JDK 19\bin\jsvml.dll
Event: 0.063 Loaded shared library D:\Program_Files\JDK 19\bin\zip.dll
Event: 0.065 Loaded shared library D:\Program_Files\JDK 19\bin\instrument.dll
Event: 0.070 Loaded shared library D:\Program_Files\JDK 19\bin\net.dll
Event: 0.071 Loaded shared library D:\Program_Files\JDK 19\bin\nio.dll
Event: 0.075 Loaded shared library D:\Program_Files\JDK 19\bin\zip.dll
Event: 0.089 Loaded shared library D:\Program_Files\IntelliJ IDEA Community Edition 2022.3.2\bin\breakgen64.dll
Event: 0.095 Loaded shared library D:\Program_Files\JDK 19\bin\extnet.dll
Event: 0.102 Loaded shared library D:\Program_Files\JDK 19\bin\jimage.dll
Event: 0.135 Loaded shared library D:\Program_Files\JDK 19\bin\awt.dll
Event: 0.250 Loaded shared library D:\Program_Files\JDK 19\bin\freetype.dll
Event: 0.251 Loaded shared library D:\Program_Files\JDK 19\bin\fontmanager.dll
Event: 0.559 Loaded shared library C:\Users\cdrobaina01\AppData\Local\Temp\flatlaf.temp\flatlaf-windows-x86_64-17215257025761000.dll
Event: 3.362 Loaded shared library D:\Program_Files\JDK 19\bin\verify.dll

Deoptimization events (20 events):
Event: 34.391 Thread 0x0000016e902f4be0 DEOPT PACKING pc=0x0000016ef73a338c sp=0x0000005bb962a860
Event: 34.391 Thread 0x0000016e902f4be0 DEOPT UNPACKING pc=0x0000016ef6ba6da3 sp=0x0000005bb962a638 mode 2
Event: 34.391 Thread 0x0000016e902f4be0 Uncommon trap: trap_request=0xffffff45 fr.pc=0x0000016ef7399a00 relative=0x0000000000002e80
Event: 34.391 Thread 0x0000016e902f4be0 Uncommon trap: reason=unstable_if action=reinterpret pc=0x0000016ef7399a00 method=sun.java2d.marlin.Renderer._endRendering(II)V @ 1726 c2
Event: 34.391 Thread 0x0000016e902f4be0 DEOPT PACKING pc=0x0000016ef7399a00 sp=0x0000005bb962a7b0
Event: 34.391 Thread 0x0000016e902f4be0 DEOPT UNPACKING pc=0x0000016ef6ba6da3 sp=0x0000005bb962a618 mode 2
Event: 36.265 Thread 0x0000016e902f4be0 DEOPT PACKING pc=0x0000016eefd9a2fe sp=0x0000005bb962ba70
Event: 36.266 Thread 0x0000016e902f4be0 DEOPT UNPACKING pc=0x0000016ef6ba7543 sp=0x0000005bb962ae38 mode 0
Event: 41.092 Thread 0x0000016e902f4be0 Uncommon trap: trap_request=0xffffff45 fr.pc=0x0000016ef73806ec relative=0x000000000000048c
Event: 41.092 Thread 0x0000016e902f4be0 Uncommon trap: reason=unstable_if action=reinterpret pc=0x0000016ef73806ec method=java.awt.Toolkit$SelectiveAWTEventListener.eventDispatched(Ljava/awt/AWTEvent;)V @ 275 c2
Event: 41.092 Thread 0x0000016e902f4be0 DEOPT PACKING pc=0x0000016ef73806ec sp=0x0000005bb962e360
Event: 41.092 Thread 0x0000016e902f4be0 DEOPT UNPACKING pc=0x0000016ef6ba6da3 sp=0x0000005bb962e2d8 mode 2
Event: 42.277 Thread 0x0000016e902f4be0 Uncommon trap: trap_request=0xffffff45 fr.pc=0x0000016ef73c40ec relative=0x0000000000002b0c
Event: 42.277 Thread 0x0000016e902f4be0 Uncommon trap: reason=unstable_if action=reinterpret pc=0x0000016ef73c40ec method=sun.java2d.marlin.Renderer._endRendering(II)V @ 1956 c2
Event: 42.277 Thread 0x0000016e902f4be0 DEOPT PACKING pc=0x0000016ef73c40ec sp=0x0000005bb962cd40
Event: 42.277 Thread 0x0000016e902f4be0 DEOPT UNPACKING pc=0x0000016ef6ba6da3 sp=0x0000005bb962cb18 mode 2
Event: 42.733 Thread 0x0000016e8ad414e0 Uncommon trap: trap_request=0xffffff45 fr.pc=0x0000016ef73ef77c relative=0x00000000000009fc
Event: 42.733 Thread 0x0000016e8ad414e0 Uncommon trap: reason=unstable_if action=reinterpret pc=0x0000016ef73ef77c method=java.util.concurrent.locks.AbstractQueuedSynchronizer.signalNext(Ljava/util/concurrent/locks/AbstractQueuedSynchronizer$Node;)V @ 10 c2
Event: 42.733 Thread 0x0000016e8ad414e0 DEOPT PACKING pc=0x0000016ef73ef77c sp=0x0000005bb91fdb20
Event: 42.733 Thread 0x0000016e8ad414e0 DEOPT UNPACKING pc=0x0000016ef6ba6da3 sp=0x0000005bb91fd7e0 mode 2

Classes loaded (20 events):
Event: 23.588 Loading class javax/swing/JOptionPane$1
Event: 23.588 Loading class javax/swing/JOptionPane$1 done
Event: 23.588 Loading class javax/swing/JOptionPane$2
Event: 23.588 Loading class javax/swing/JOptionPane$2 done
Event: 23.588 Loading class javax/swing/JOptionPane$3
Event: 23.588 Loading class javax/swing/JOptionPane$3 done
Event: 34.114 Loading class java/security/DomainCombiner
Event: 34.114 Loading class java/security/DomainCombiner done
Event: 35.269 Loading class javax/swing/plaf/basic/BasicOptionPaneUI$ButtonFactory$ConstrainedButton
Event: 35.269 Loading class javax/swing/plaf/basic/BasicOptionPaneUI$ButtonFactory$ConstrainedButton done
Event: 35.299 Loading class java/awt/geom/Ellipse2D$Float
Event: 35.299 Loading class java/awt/geom/Ellipse2D
Event: 35.299 Loading class java/awt/geom/Ellipse2D done
Event: 35.299 Loading class java/awt/geom/Ellipse2D$Float done
Event: 35.299 Loading class java/awt/geom/EllipseIterator
Event: 35.299 Loading class java/awt/geom/EllipseIterator done
Event: 42.851 Loading class java/awt/Canvas
Event: 42.851 Loading class java/awt/Canvas done
Event: 42.851 Loading class java/awt/Scrollbar
Event: 42.851 Loading class java/awt/Scrollbar done

Classes unloaded (0 events):
No events

Classes redefined (0 events):
No events

Internal exceptions (20 events):
Event: 0.537 Thread 0x0000016ee777f440 Exception <a 'sun/nio/fs/WindowsException'{0x0000000712994930}> (0x0000000712994930) 
thrown [s\open\src\hotspot\share\prims\jni.cpp, line 517]
Event: 0.561 Thread 0x0000016ee777f440 Implicit null exception at 0x0000016ef72cb22f to 0x0000016ef72cb53c
Event: 0.603 Thread 0x0000016e902f36a0 Exception <a 'java/lang/NoSuchMethodError'{0x00000007126845a8}: 'java.lang.Object java.lang.invoke.DirectMethodHandle$Holder.newInvokeSpecial(java.lang.Object, java.lang.Object, java.lang.Object, int, int, int, int, int)'> (0x00000007126845a8) 
thrown [s\open\src\hotspot\share\interpreter\linkResolver.cpp, line 774]
Event: 0.627 Thread 0x0000016ee777f440 Exception <a 'java/lang/ClassNotFoundException'{0x000000071266b930}: java/lang/ObjectCustomizer> (0x000000071266b930) 
thrown [s\open\src\hotspot\share\classfile\systemDictionary.cpp, line 255]
Event: 0.631 Thread 0x0000016ee777f440 Exception <a 'java/lang/NoSuchMethodError'{0x00000007127c5a60}: 'java.lang.Object java.lang.invoke.DirectMethodHandle$Holder.invokeInterface(java.lang.Object, java.lang.Object)'> (0x00000007127c5a60) 
thrown [s\open\src\hotspot\share\interpreter\linkResolver.cpp, line 774]
Event: 0.632 Thread 0x0000016ee777f440 Exception <a 'java/lang/IncompatibleClassChangeError'{0x00000007127c9260}: Found class java.lang.Object, but interface was expected> (0x00000007127c9260) 
thrown [s\open\src\hotspot\share\interpreter\linkResolver.cpp, line 841]
Event: 0.644 Thread 0x0000016ee777f440 Exception <a 'java/lang/ClassNotFoundException'{0x000000071240ac38}: net/miginfocom/layout/UnitValueCustomizer> (0x000000071240ac38) 
thrown [s\open\src\hotspot\share\classfile\systemDictionary.cpp, line 255]
Event: 0.646 Thread 0x0000016ee777f440 Exception <a 'java/lang/ClassNotFoundException'{0x000000071241e578}: java/lang/ObjectCustomizer> (0x000000071241e578) 
thrown [s\open\src\hotspot\share\classfile\systemDictionary.cpp, line 255]
Event: 0.647 Thread 0x0000016ee777f440 Exception <a 'java/lang/ClassNotFoundException'{0x0000000712423370}: net/miginfocom/layout/BoundSizeCustomizer> (0x0000000712423370) 
thrown [s\open\src\hotspot\share\classfile\systemDictionary.cpp, line 255]
Event: 0.663 Thread 0x0000016e8ad414e0 Exception <a 'java/lang/NoSuchMethodError'{0x0000000712dd88e0}: 'void java.lang.invoke.DirectMethodHandle$Holder.invokeVirtual(java.lang.Object, java.lang.Object)'> (0x0000000712dd88e0) 
thrown [s\open\src\hotspot\share\interpreter\linkResolver.cpp, line 774]
Event: 0.675 Thread 0x0000016ee777f440 Exception <a 'java/lang/NoSuchMethodError'{0x00000007124a1c90}: 'void java.lang.invoke.DirectMethodHandle$Holder.invokeStaticInit(java.lang.Object)'> (0x00000007124a1c90) 
thrown [s\open\src\hotspot\share\interpreter\linkResolver.cpp, line 774]
Event: 0.809 Thread 0x0000016e902f4be0 Exception <a 'java/lang/NoSuchMethodError'{0x000000071237d540}: 'int java.lang.invoke.DirectMethodHandle$Holder.invokeSpecial(java.lang.Object, java.lang.Object, java.lang.Object, int)'> (0x000000071237d540) 
thrown [s\open\src\hotspot\share\interpreter\linkResolver.cpp, line 774]
Event: 0.811 Thread 0x0000016e902f4be0 Exception <a 'java/lang/NoSuchMethodError'{0x000000071238fd18}: 'java.lang.Object java.lang.invoke.DirectMethodHandle$Holder.invokeStatic(java.lang.Object, java.lang.Object, java.lang.Object, java.lang.Object, int)'> (0x000000071238fd18) 
thrown [s\open\src\hotspot\share\interpreter\linkResolver.cpp, line 774]
Event: 0.813 Thread 0x0000016e902f4be0 Exception <a 'java/lang/NoSuchMethodError'{0x000000071239ebf8}: 'float java.lang.invoke.DelegatingMethodHandle$Holder.reinvoke_L(java.lang.Object, java.lang.Object, int)'> (0x000000071239ebf8) 
thrown [s\open\src\hotspot\share\interpreter\linkResolver.cpp, line 774]
Event: 0.814 Thread 0x0000016e902f4be0 Exception <a 'java/lang/NoSuchMethodError'{0x00000007123a9870}: 'void java.lang.invoke.DelegatingMethodHandle$Holder.reinvoke_L(java.lang.Object, java.lang.Object, java.lang.Object, java.lang.Object, int, float, float)'> (0x00000007123a9870) 
thrown [s\open\src\hotspot\share\interpreter\linkResolver.cpp, line 774]
Event: 0.816 Thread 0x0000016e902f4be0 Exception <a 'java/lang/NoSuchMethodError'{0x00000007123c2dd0}: 'int java.lang.invoke.DirectMethodHandle$Holder.invokeSpecial(java.lang.Object, java.lang.Object, java.lang.Object)'> (0x00000007123c2dd0) 
thrown [s\open\src\hotspot\share\interpreter\linkResolver.cpp, line 774]
Event: 0.818 Thread 0x0000016e902f4be0 Exception <a 'java/lang/NoSuchMethodError'{0x00000007123cfe58}: 'java.lang.Object java.lang.invoke.DirectMethodHandle$Holder.invokeStatic(java.lang.Object, java.lang.Object, int)'> (0x00000007123cfe58) 
thrown [s\open\src\hotspot\share\interpreter\linkResolver.cpp, line 774]
Event: 0.819 Thread 0x0000016e902f4be0 Exception <a 'java/lang/NoSuchMethodError'{0x00000007123db3f8}: 'void java.lang.invoke.DelegatingMethodHandle$Holder.delegate(java.lang.Object, java.lang.Object, int, java.lang.Object)'> (0x00000007123db3f8) 
thrown [s\open\src\hotspot\share\interpreter\linkResolver.cpp, line 774]
Event: 0.826 Thread 0x0000016e902f4be0 Exception <a 'java/lang/NoSuchMethodError'{0x00000007123fbfe8}: 'void java.lang.invoke.DirectMethodHandle$Holder.invokeSpecial(java.lang.Object, java.lang.Object, java.lang.Object, int, int, int, int, double)'> (0x00000007123fbfe8) 
thrown [s\open\src\hotspot\share\interpreter\linkResolver.cpp, line 774]
Event: 3.498 Thread 0x0000016e902f4be0 Implicit null exception at 0x0000016ef73224a3 to 0x0000016ef7322690

VM Operations (20 events):
Event: 32.657 Executing VM operation: Cleanup
Event: 32.657 Executing VM operation: Cleanup done
Event: 33.665 Executing VM operation: Cleanup
Event: 33.665 Executing VM operation: Cleanup done
Event: 34.674 Executing VM operation: Cleanup
Event: 34.675 Executing VM operation: Cleanup done
Event: 35.685 Executing VM operation: Cleanup
Event: 35.685 Executing VM operation: Cleanup done
Event: 36.686 Executing VM operation: Cleanup
Event: 36.687 Executing VM operation: Cleanup done
Event: 37.697 Executing VM operation: Cleanup
Event: 37.697 Executing VM operation: Cleanup done
Event: 38.699 Executing VM operation: Cleanup
Event: 38.699 Executing VM operation: Cleanup done
Event: 40.721 Executing VM operation: Cleanup
Event: 40.721 Executing VM operation: Cleanup done
Event: 41.735 Executing VM operation: Cleanup
Event: 41.736 Executing VM operation: Cleanup done
Event: 42.733 Executing VM operation: HandshakeAllThreads
Event: 42.733 Executing VM operation: HandshakeAllThreads done

Events (20 events):
Event: 0.856 Thread 0x0000016e902f4140 Thread added: 0x0000016e902f4140
Event: 1.018 Thread 0x0000016e969d05f0 Thread added: 0x0000016e969d05f0
Event: 1.361 Thread 0x0000016e969d05f0 Thread exited: 0x0000016e969d05f0
Event: 1.720 Thread 0x0000016e8fa73460 Thread exited: 0x0000016e8fa73460
Event: 1.724 Thread 0x0000016e8fa73460 Thread added: 0x0000016e8fa73460
Event: 3.370 Thread 0x0000016e969f6a90 Thread added: 0x0000016e969f6a90
Event: 3.387 Thread 0x0000016e96b10100 Thread added: 0x0000016e96b10100
Event: 4.836 Thread 0x0000016e969f6a90 Thread exited: 0x0000016e969f6a90
Event: 4.836 Thread 0x0000016e96b10100 Thread exited: 0x0000016e96b10100
Event: 4.836 Thread 0x0000016e8fa73460 Thread exited: 0x0000016e8fa73460
Event: 4.839 Thread 0x0000016e8f9dd8f0 Thread exited: 0x0000016e8f9dd8f0
Event: 6.738 Thread 0x0000016e8f9dd8f0 Thread added: 0x0000016e8f9dd8f0
Event: 6.788 Thread 0x0000016e8fa7b450 Thread added: 0x0000016e8fa7b450
Event: 7.304 Thread 0x0000016e8f9dd8f0 Thread exited: 0x0000016e8f9dd8f0
Event: 8.616 Thread 0x0000016e902f36a0 Thread exited: 0x0000016e902f36a0
Event: 12.419 Thread 0x0000016e8fa7b450 Thread exited: 0x0000016e8fa7b450
Event: 12.486 Thread 0x0000016e8f9b3de0 Thread added: 0x0000016e8f9b3de0
Event: 12.486 Thread 0x0000016e8f9b4360 Thread added: 0x0000016e8f9b4360
Event: 13.080 Thread 0x0000016e8f9b4360 Thread exited: 0x0000016e8f9b4360
Event: 13.928 Thread 0x0000016e8f9b3de0 Thread exited: 0x0000016e8f9b3de0


Dynamic libraries:
0x00007ff7cb880000 - 0x00007ff7cb890000 	D:\Program_Files\JDK 19\bin\java.exe
0x00007ffdcbdd0000 - 0x00007ffdcbfc8000 	C:\WINDOWS\SYSTEM32\ntdll.dll
0x00007ffdcb970000 - 0x00007ffdcba2d000 	C:\WINDOWS\System32\KERNEL32.DLL
0x00007ffdc9b10000 - 0x00007ffdc9dde000 	C:\WINDOWS\System32\KERNELBASE.dll
0x00007ffdc9860000 - 0x00007ffdc9960000 	C:\WINDOWS\System32\ucrtbase.dll
0x00007ffd9e6d0000 - 0x00007ffd9e6e8000 	D:\Program_Files\JDK 19\bin\jli.dll
0x00007ffd9fb10000 - 0x00007ffd9fb2b000 	D:\Program_Files\JDK 19\bin\VCRUNTIME140.dll
0x00007ffdcb640000 - 0x00007ffdcb6ee000 	C:\WINDOWS\System32\ADVAPI32.dll
0x00007ffdca000000 - 0x00007ffdca09e000 	C:\WINDOWS\System32\msvcrt.dll
0x00007ffdc9f60000 - 0x00007ffdc9ffc000 	C:\WINDOWS\System32\sechost.dll
0x00007ffdcae40000 - 0x00007ffdcaf65000 	C:\WINDOWS\System32\RPCRT4.dll
0x00007ffdcb290000 - 0x00007ffdcb430000 	C:\WINDOWS\System32\USER32.dll
0x00007ffdc94f0000 - 0x00007ffdc9512000 	C:\WINDOWS\System32\win32u.dll
0x00007ffdab7c0000 - 0x00007ffdaba5a000 	C:\WINDOWS\WinSxS\amd64_microsoft.windows.common-controls_6595b64144ccf1df_6.0.19041.1110_none_60b5254171f9507e\COMCTL32.dll
0x00007ffdcae10000 - 0x00007ffdcae3a000 	C:\WINDOWS\System32\GDI32.dll
0x00007ffdc9a00000 - 0x00007ffdc9b0b000 	C:\WINDOWS\System32\gdi32full.dll
0x00007ffdc9960000 - 0x00007ffdc99fd000 	C:\WINDOWS\System32\msvcp_win.dll
0x00007ffdc3950000 - 0x00007ffdc395a000 	C:\WINDOWS\SYSTEM32\VERSION.dll
0x00007ffdcb5b0000 - 0x00007ffdcb5e0000 	C:\WINDOWS\System32\IMM32.DLL
0x00007ffdaabe0000 - 0x00007ffdaabec000 	D:\Program_Files\JDK 19\bin\vcruntime140_1.dll
0x00007ffd701c0000 - 0x00007ffd7024e000 	D:\Program_Files\JDK 19\bin\msvcp140.dll
0x00007ffd3e970000 - 0x00007ffd3f630000 	D:\Program_Files\JDK 19\bin\server\jvm.dll
0x00007ffdaaa00000 - 0x00007ffdaaa09000 	C:\WINDOWS\SYSTEM32\WSOCK32.dll
0x00007ffdb4770000 - 0x00007ffdb4797000 	C:\WINDOWS\SYSTEM32\WINMM.dll
0x00007ffdcb820000 - 0x00007ffdcb88b000 	C:\WINDOWS\System32\WS2_32.dll
0x00007ffdc7d30000 - 0x00007ffdc7d42000 	C:\WINDOWS\SYSTEM32\kernel.appcore.dll
0x00007ffdaa8a0000 - 0x00007ffdaa8aa000 	D:\Program_Files\JDK 19\bin\jimage.dll
0x00007ffdc7130000 - 0x00007ffdc7314000 	C:\WINDOWS\SYSTEM32\DBGHELP.DLL
0x00007ffdb4eb0000 - 0x00007ffdb4edc000 	C:\WINDOWS\SYSTEM32\dbgcore.DLL
0x00007ffdc9520000 - 0x00007ffdc95a2000 	C:\WINDOWS\System32\bcryptPrimitives.dll
0x00007ffdc18b0000 - 0x00007ffdc18be000 	D:\Program_Files\JDK 19\bin\instrument.dll
0x00007ffd85b50000 - 0x00007ffd85b76000 	D:\Program_Files\JDK 19\bin\java.dll
0x00007ffd6fbc0000 - 0x00007ffd6fc97000 	D:\Program_Files\JDK 19\bin\jsvml.dll
0x00007ffdca0a0000 - 0x00007ffdca7e3000 	C:\WINDOWS\System32\SHELL32.dll
0x00007ffdc7580000 - 0x00007ffdc7d15000 	C:\WINDOWS\SYSTEM32\windows.storage.dll
0x00007ffdcba30000 - 0x00007ffdcbd84000 	C:\WINDOWS\System32\combase.dll
0x00007ffdc8e70000 - 0x00007ffdc8ea0000 	C:\WINDOWS\SYSTEM32\Wldp.dll
0x00007ffdcb4e0000 - 0x00007ffdcb58d000 	C:\WINDOWS\System32\SHCORE.dll
0x00007ffdcb150000 - 0x00007ffdcb1a5000 	C:\WINDOWS\System32\shlwapi.dll
0x00007ffdc9430000 - 0x00007ffdc944f000 	C:\WINDOWS\SYSTEM32\profapi.dll
0x00007ffd8c390000 - 0x00007ffd8c3a8000 	D:\Program_Files\JDK 19\bin\zip.dll
0x00007ffd8dd80000 - 0x00007ffd8dd93000 	D:\Program_Files\JDK 19\bin\net.dll
0x00007ffdc10a0000 - 0x00007ffdc11aa000 	C:\WINDOWS\SYSTEM32\WINHTTP.dll
0x00007ffdc8c50000 - 0x00007ffdc8cba000 	C:\WINDOWS\system32\mswsock.dll
0x00007ffd8dcf0000 - 0x00007ffd8dd06000 	D:\Program_Files\JDK 19\bin\nio.dll
0x00007ffdbc830000 - 0x00007ffdbc84a000 	D:\Program_Files\IntelliJ IDEA Community Edition 2022.3.2\bin\breakgen64.dll
0x00007ffda9c10000 - 0x00007ffda9c18000 	D:\Program_Files\JDK 19\bin\extnet.dll
0x00007ffd75560000 - 0x00007ffd756f1000 	D:\Program_Files\JDK 19\bin\awt.dll
0x00007ffdcaf90000 - 0x00007ffdcb05d000 	C:\WINDOWS\System32\OLEAUT32.dll
0x00007ffdc3450000 - 0x00007ffdc34e0000 	C:\WINDOWS\SYSTEM32\apphelp.dll
0x00007ffdc3590000 - 0x00007ffdc362e000 	C:\WINDOWS\system32\uxtheme.dll
0x0000000180000000 - 0x0000000182dd7000 	D:\Program_Files\RivaTuner Statistics Server\RTSSHooks64.dll
0x00007ffdca9a0000 - 0x00007ffdcae0f000 	C:\WINDOWS\System32\SETUPAPI.dll
0x00007ffdc9de0000 - 0x00007ffdc9e2e000 	C:\WINDOWS\System32\cfgmgr32.dll
0x00007ffdc9830000 - 0x00007ffdc9857000 	C:\WINDOWS\System32\bcrypt.dll
0x00007ffdc9e30000 - 0x00007ffdc9f45000 	C:\WINDOWS\System32\MSCTF.dll
0x00007ffdcb6f0000 - 0x00007ffdcb81a000 	C:\WINDOWS\System32\ole32.dll
0x00007ffdb8010000 - 0x00007ffdb8096000 	D:\Program_Files\JDK 19\bin\freetype.dll
0x00007ffd61830000 - 0x00007ffd618f6000 	D:\Program_Files\JDK 19\bin\fontmanager.dll
0x00007ffdc6c10000 - 0x00007ffdc6c3f000 	C:\WINDOWS\system32\DWMAPI.DLL
0x00007ffd9c810000 - 0x00007ffd9c937000 	C:\WINDOWS\system32\opengl32.dll
0x00007ffdb7800000 - 0x00007ffdb782c000 	C:\WINDOWS\SYSTEM32\GLU32.dll
0x00007ffdb84e0000 - 0x00007ffdb86af000 	C:\WINDOWS\system32\d3d9.dll
0x00007ffd74550000 - 0x00007ffd746b4000 	C:\WINDOWS\System32\DriverStore\FileRepository\iigd_dch.inf_amd64_2ce3ffa204f4b311\igdumdim64.dll
0x00007ffd4ea50000 - 0x00007ffd52a2a000 	C:\WINDOWS\System32\DriverStore\FileRepository\iigd_dch.inf_amd64_2ce3ffa204f4b311\igd9dxva64.dll
0x00007ffdbd680000 - 0x00007ffdbd824000 	C:\WINDOWS\System32\DriverStore\FileRepository\iigd_dch.inf_amd64_2ce3ffa204f4b311\igdgmm64.dll
0x00007ffdbd040000 - 0x00007ffdbd0fe000 	C:\WINDOWS\System32\DriverStore\FileRepository\nvamig.inf_amd64_fb5734cd1cca1be6\nvldumdx.dll
0x00007ffdc90e0000 - 0x00007ffdc90f2000 	C:\WINDOWS\SYSTEM32\msasn1.dll
0x00007ffdbe060000 - 0x00007ffdbe091000 	C:\WINDOWS\SYSTEM32\cryptnet.dll
0x00007ffdc9620000 - 0x00007ffdc9776000 	C:\WINDOWS\System32\CRYPT32.dll
0x00007ffdbdb00000 - 0x00007ffdbdc48000 	C:\WINDOWS\SYSTEM32\drvstore.dll
0x00007ffdc92a0000 - 0x00007ffdc92cc000 	C:\WINDOWS\SYSTEM32\devobj.dll
0x00007ffdc8de0000 - 0x00007ffdc8dec000 	C:\WINDOWS\SYSTEM32\cryptbase.dll
0x00007ffdc95b0000 - 0x00007ffdc9619000 	C:\WINDOWS\System32\WINTRUST.DLL
0x00007ffdcaf70000 - 0x00007ffdcaf8d000 	C:\WINDOWS\System32\imagehlp.dll
0x00007ffdc8eb0000 - 0x00007ffdc8ec8000 	C:\WINDOWS\SYSTEM32\CRYPTSP.dll
0x00007ffdc8580000 - 0x00007ffdc85b4000 	C:\WINDOWS\system32\rsaenh.dll
0x00007ffd4c440000 - 0x00007ffd4ea4a000 	C:\WINDOWS\System32\DriverStore\FileRepository\nvamig.inf_amd64_fb5734cd1cca1be6\nvd3dumx.dll
0x00007ffd70840000 - 0x00007ffd70b11000 	C:\WINDOWS\system32\nvspcap64.dll
0x00007ffdc81b0000 - 0x00007ffdc81e3000 	C:\WINDOWS\SYSTEM32\ntmarta.dll
0x00007ffdc7d50000 - 0x00007ffdc7d73000 	C:\WINDOWS\SYSTEM32\gpapi.dll
0x00007ffdbd920000 - 0x00007ffdbd95b000 	C:\WINDOWS\SYSTEM32\dxcore.dll
0x00007ffdbc7e0000 - 0x00007ffdbc7e6000 	C:\Users\cdrobaina01\AppData\Local\Temp\flatlaf.temp\flatlaf-windows-x86_64-17215257025761000.dll
0x00007ffdbc7d0000 - 0x00007ffdbc7d7000 	D:\Program_Files\JDK 19\bin\jawt.dll
0x00007ffdcb430000 - 0x00007ffdcb4d9000 	C:\WINDOWS\System32\clbcatq.dll
0x00007ffdc0790000 - 0x00007ffdc0944000 	C:\WINDOWS\SYSTEM32\WindowsCodecs.dll
0x00007ffdb0c00000 - 0x00007ffdb0c3e000 	C:\WINDOWS\system32\dataexchange.dll
0x00007ffdc2950000 - 0x00007ffdc2b34000 	C:\WINDOWS\system32\dcomp.dll
0x00007ffdc1cc0000 - 0x00007ffdc1f23000 	C:\WINDOWS\system32\d3d11.dll
0x00007ffdc7da0000 - 0x00007ffdc7e93000 	C:\WINDOWS\system32\dxgi.dll
0x00007ffdc0430000 - 0x00007ffdc0630000 	C:\WINDOWS\system32\twinapi.appcore.dll
0x00007ffdb7c40000 - 0x00007ffdb7d39000 	C:\WINDOWS\SYSTEM32\textinputframework.dll
0x00007ffdc2b40000 - 0x00007ffdc2e9e000 	C:\WINDOWS\System32\CoreUIComponents.dll
0x00007ffdc3220000 - 0x00007ffdc3312000 	C:\WINDOWS\System32\CoreMessaging.dll
0x00007ffdc1b60000 - 0x00007ffdc1cb4000 	C:\WINDOWS\SYSTEM32\wintypes.dll
0x00007ffda6510000 - 0x00007ffda6520000 	D:\Program_Files\JDK 19\bin\verify.dll
0x00007ffdc8950000 - 0x00007ffdc8a1a000 	C:\WINDOWS\SYSTEM32\DNSAPI.dll
0x00007ffdc8910000 - 0x00007ffdc894b000 	C:\WINDOWS\SYSTEM32\IPHLPAPI.DLL
0x00007ffdc9f50000 - 0x00007ffdc9f58000 	C:\WINDOWS\System32\NSI.dll
0x00007ffdbf6c0000 - 0x00007ffdbf6ca000 	C:\Windows\System32\rasadhlp.dll
0x00007ffdbe1e0000 - 0x00007ffdbe260000 	C:\WINDOWS\System32\fwpuclnt.dll

dbghelp: loaded successfully - version: 4.0.5 - missing functions: none
symbol engine: initialized successfully - sym options: 0x614 - pdb path: .;D:\Program_Files\JDK 19\bin;C:\WINDOWS\SYSTEM32;C:\WINDOWS\WinSxS\amd64_microsoft.windows.common-controls_6595b64144ccf1df_6.0.19041.1110_none_60b5254171f9507e;D:\Program_Files\JDK 19\bin\server;D:\Program_Files\IntelliJ IDEA Community Edition 2022.3.2\bin;D:\Program_Files\RivaTuner Statistics Server;C:\WINDOWS\System32\DriverStore\FileRepository\iigd_dch.inf_amd64_2ce3ffa204f4b311;C:\WINDOWS\System32\DriverStore\FileRepository\nvamig.inf_amd64_fb5734cd1cca1be6;C:\Users\cdrobaina01\AppData\Local\Temp\flatlaf.temp

VM Arguments:
jvm_args: -javaagent:D:\Program_Files\IntelliJ IDEA Community Edition 2022.3.2\lib\idea_rt.jar=12957:D:\Program_Files\IntelliJ IDEA Community Edition 2022.3.2\bin -Dfile.encoding=UTF-8 -Dsun.stdout.encoding=UTF-8 -Dsun.stderr.encoding=UTF-8 
java_command: cu.edu.cujae.structdb.Main
java_class_path (initial): D:\workspaces\cujae\rentacar\target\classes;D:\workspaces\cujae\rentacar\lib\flatlaf-1.2.jar;D:\workspaces\cujae\rentacar\lib\miglayout-core.jar;D:\workspaces\cujae\rentacar\lib\miglayout-swing.jar;D:\workspaces\cujae\rentacar\lib\flatlaf-intellij-themes-1.2.jar;D:\workspaces\cujae\rentacar\lib\postgresql-8.4-702.jdbc3.jar;D:\workspaces\cujae\rentacar\lib\postgresql-8.4-702.jdbc4.jar;D:\workspaces\cujae\rentacar\lib\postgresql-9.0-801.jdbc3.jar;D:\workspaces\cujae\rentacar\lib\postgresql-9.0-801.jdbc4.jar;D:\workspaces\cujae\rentacar\lib\jbcrypt.jar
Launcher Type: SUN_STANDARD

[Global flags]
     intx CICompilerCount                          = 12                                        {product} {ergonomic}
     uint ConcGCThreads                            = 3                                         {product} {ergonomic}
     uint G1ConcRefinementThreads                  = 13                                        {product} {ergonomic}
   size_t G1HeapRegionSize                         = 2097152                                   {product} {ergonomic}
    uintx GCDrainStackTargetSize                   = 64                                        {product} {ergonomic}
   size_t InitialHeapSize                          = 266338304                                 {product} {ergonomic}
   size_t MarkStackSize                            = 4194304                                   {product} {ergonomic}
   size_t MaxHeapSize                              = 4240441344                                {product} {ergonomic}
   size_t MaxNewSize                               = 2543845376                                {product} {ergonomic}
   size_t MinHeapDeltaBytes                        = 2097152                                   {product} {ergonomic}
   size_t MinHeapSize                              = 8388608                                   {product} {ergonomic}
    uintx NonNMethodCodeHeapSize                   = 7602480                                {pd product} {ergonomic}
    uintx NonProfiledCodeHeapSize                  = 122027880                              {pd product} {ergonomic}
    uintx ProfiledCodeHeapSize                     = 122027880                              {pd product} {ergonomic}
    uintx ReservedCodeCacheSize                    = 251658240                              {pd product} {ergonomic}
     bool SegmentedCodeCache                       = true                                      {product} {ergonomic}
   size_t SoftMaxHeapSize                          = 4240441344                             {manageable} {ergonomic}
     bool UseCompressedClassPointers               = true                           {product lp64_product} {ergonomic}
     bool UseCompressedOops                        = true                           {product lp64_product} {ergonomic}
     bool UseG1GC                                  = true                                      {product} {ergonomic}
     bool UseLargePagesIndividualAllocation        = false                                  {pd product} {ergonomic}

Logging:
Log output configuration:
 #0: stdout all=warning uptime,level,tags foldmultilines=false
 #1: stderr all=off uptime,level,tags foldmultilines=false

Environment Variables:
PATH=C:\Program Files\Common Files\Oracle\Java\javapath;C:\Program Files (x86)\Common Files\Oracle\Java\javapath;D:\Program_Files\Python v3.9\Scripts\;D:\Program_Files\Python v3.9\;C:\Program Files\Microsoft\jdk-11.0.12.7-hotspot\bin;C:\WINDOWS\system32;C:\WINDOWS;C:\WINDOWS\System32\Wbem;C:\WINDOWS\System32\WindowsPowerShell\v1.0\;C:\WINDOWS\System32\OpenSSH\;D:\Program_Files\nvm;D:\Program_Files\nodejs;D:\Program_Files\TortoiseGit\bin;C:\Program Files\Microsoft SQL Server\150\Tools\Binn\;C:\Program Files\Microsoft SQL Server\Client SDK\ODBC\170\Tools\Binn\;D:\Program_Files\GitExtensions\;D:\Program_Files\CMake\bin;C:\Program Files (x86)\NVIDIA Corporation\PhysX\Common;C:\Program Files\NVIDIA Corporation\NVIDIA NvDLISR;C:\Program Files\Git\cmd;D:\Program_Files\MatLab\runtime\win64;D:\Program_Files\MatLab\bin;C:\Program Files\MySQL\MySQL Shell 8.0\bin\;C:\Users\cdrobaina01\AppData\Local\Microsoft\WindowsApps;D:\Program_Files\nvm;D:\Program_Files\nodejs;C:\Users\cdrobaina01\AppData\Local\Programs\Microsoft VS Code\bin;D:\Program_Files\IntelliJ IDEA Community Edition 2022.3.2\bin;;
USERNAME=cdrobaina01
OS=Windows_NT
PROCESSOR_IDENTIFIER=Intel64 Family 6 Model 165 Stepping 2, GenuineIntel
TMP=C:\Users\CDROBA~1\AppData\Local\Temp
TEMP=C:\Users\CDROBA~1\AppData\Local\Temp



---------------  S Y S T E M  ---------------

OS:
 Windows 10 , 64 bit Build 19041 (10.0.19041.1889)
OS uptime: 19 days 22:10 hours
Hyper-V role detected

CPU: total 16 (initial active 16) (8 cores per cpu, 2 threads per core) family 6 model 165 stepping 2 microcode 0xc8, cx8, cmov, fxsr, ht, mmx, 3dnowpref, sse, sse2, sse3, ssse3, sse4.1, sse4.2, popcnt, lzcnt, tsc, tscinvbit, avx, avx2, aes, erms, clmul, bmi1, bmi2, adx, fma, vzeroupper, clflush, clflushopt, hv, rdtscp

Memory: 4k page, system-wide physical 16168M (7613M free)
TotalPageFile size 40744M (AvailPageFile size 23796M)
current process WorkingSet (physical memory assigned to process): 141M, peak: 145M
current process commit charge ("private bytes"): 471M, peak: 477M

vm_info: Java HotSpot(TM) 64-Bit Server VM (19.0.2+7-44) for windows-amd64 JRE (19.0.2+7-44), built on 2022-11-30T18:02:09Z by "mach5one" with MS VC++ 17.1 (VS2022)

END.
